# JRE version: OpenJDK Runtime Environment (17.0.6) (build 17.0.6+0-b2043.56-9586694)
# Java VM: OpenJDK 64-Bit Server VM (17.0.6+0-b2043.56-9586694, mixed mode, tiered, compressed oops, compressed class ptrs, g1 gc, windows-amd64)
GC Precious Log:
 CPUs: 2 total, 2 available
 Memory: 7119M
 Large Page Support: Disabled
 NUMA Support: Disabled
 Compressed Oops: Enabled (32-bit)
 Heap Region Size: 1M
 Heap Min Capacity: 8M
 Heap Initial Capacity: 112M
 Heap Max Capacity: 1536M
 Pre-touch: Disabled
 Parallel Workers: 2
 Concurrent Workers: 1
 Concurrent Refinement Workers: 2
 Periodic GC: Disabled
Heap:
 garbage-first heap   total 119808K, used 69299K [0x00000000a0000000, 0x0000000100000000)
  region size 1024K, 11 young (11264K), 1 survivors (1024K)
 Metaspace       used 69330K, committed 69824K, reserved 1114112K
  class space    used 8981K, committed 9216K, reserved 1048576K
GC Heap History (20 events):
Event: 71.616 GC heap before
{Heap before GC invocations=33 (full 0):
 garbage-first heap   total 92160K, used 66549K [0x00000000a0000000, 0x0000000100000000)
  region size 1024K, 16 young (16384K), 2 survivors (2048K)
 Metaspace       used 57915K, committed 58368K, reserved 1105920K
  class space    used 7540K, committed 7744K, reserved 1048576K
}
Event: 71.622 GC heap after
{Heap after GC invocations=34 (full 0):
 garbage-first heap   total 92160K, used 52569K [0x00000000a0000000, 0x0000000100000000)
  region size 1024K, 2 young (2048K), 2 survivors (2048K)
 Metaspace       used 57915K, committed 58368K, reserved 1105920K
  class space    used 7540K, committed 7744K, reserved 1048576K
}
Event: 76.080 GC heap before
{Heap before GC invocations=34 (full 0):
 garbage-first heap   total 92160K, used 68953K [0x00000000a0000000, 0x0000000100000000)
  region size 1024K, 18 young (18432K), 2 survivors (2048K)
 Metaspace       used 60493K, committed 60992K, reserved 1105920K
  class space    used 7913K, committed 8128K, reserved 1048576K
}
Event: 76.093 GC heap after
{Heap after GC invocations=35 (full 0):
 garbage-first heap   total 92160K, used 53519K [0x00000000a0000000, 0x0000000100000000)
  region size 1024K, 3 young (3072K), 3 survivors (3072K)
 Metaspace       used 60493K, committed 60992K, reserved 1105920K
  class space    used 7913K, committed 8128K, reserved 1048576K
}
Event: 78.704 GC heap before
{Heap before GC invocations=36 (full 0):
 garbage-first heap   total 94208K, used 72975K [0x00000000a0000000, 0x0000000100000000)
  region size 1024K, 19 young (19456K), 3 survivors (3072K)
 Metaspace       used 62222K, committed 62848K, reserved 1105920K
  class space    used 8115K, committed 8384K, reserved 1048576K
}
Event: 78.718 GC heap after
{Heap after GC invocations=37 (full 0):
 garbage-first heap   total 94208K, used 60318K [0x00000000a0000000, 0x0000000100000000)
  region size 1024K, 3 young (3072K), 3 survivors (3072K)
 Metaspace       used 62222K, committed 62848K, reserved 1105920K
  class space    used 8115K, committed 8384K, reserved 1048576K
}
Event: 78.869 GC heap before
{Heap before GC invocations=37 (full 0):
 garbage-first heap   total 94208K, used 63390K [0x00000000a0000000, 0x0000000100000000)
  region size 1024K, 4 young (4096K), 3 survivors (3072K)
 Metaspace       used 62222K, committed 62848K, reserved 1105920K
  class space    used 8115K, committed 8384K, reserved 1048576K
}
Event: 78.882 GC heap after
{Heap after GC invocations=38 (full 0):
 garbage-first heap   total 94208K, used 61980K [0x00000000a0000000, 0x0000000100000000)
  region size 1024K, 1 young (1024K), 1 survivors (1024K)
 Metaspace       used 62222K, committed 62848K, reserved 1105920K
  class space    used 8115K, committed 8384K, reserved 1048576K
}
Event: 81.604 GC heap before
{Heap before GC invocations=38 (full 0):
 garbage-first heap   total 94208K, used 74268K [0x00000000a0000000, 0x0000000100000000)
  region size 1024K, 13 young (13312K), 1 survivors (1024K)
 Metaspace       used 63329K, committed 63872K, reserved 1105920K
  class space    used 8269K, committed 8512K, reserved 1048576K
}
Event: 81.612 GC heap after
{Heap after GC invocations=39 (full 0):
 garbage-first heap   total 94208K, used 62173K [0x00000000a0000000, 0x0000000100000000)
  region size 1024K, 1 young (1024K), 1 survivors (1024K)
 Metaspace       used 63329K, committed 63872K, reserved 1105920K
  class space    used 8269K, committed 8512K, reserved 1048576K
}
Event: 83.539 GC heap before
{Heap before GC invocations=40 (full 0):
 garbage-first heap   total 99328K, used 71680K [0x00000000a0000000, 0x0000000100000000)
  region size 1024K, 14 young (14336K), 1 survivors (1024K)
 Metaspace       used 64439K, committed 65024K, reserved 1105920K
  class space    used 8410K, committed 8704K, reserved 1048576K
}
Event: 83.558 GC heap after
{Heap after GC invocations=41 (full 0):
 garbage-first heap   total 99328K, used 58241K [0x00000000a0000000, 0x0000000100000000)
  region size 1024K, 2 young (2048K), 2 survivors (2048K)
 Metaspace       used 64439K, committed 65024K, reserved 1105920K
  class space    used 8410K, committed 8704K, reserved 1048576K
}
Event: 83.868 GC heap before
{Heap before GC invocations=41 (full 0):
 garbage-first heap   total 99328K, used 60289K [0x00000000a0000000, 0x0000000100000000)
  region size 1024K, 4 young (4096K), 2 survivors (2048K)
 Metaspace       used 64603K, committed 65152K, reserved 1105920K
  class space    used 8429K, committed 8704K, reserved 1048576K
}
Event: 83.875 GC heap after
{Heap after GC invocations=42 (full 0):
 garbage-first heap   total 99328K, used 57794K [0x00000000a0000000, 0x0000000100000000)
  region size 1024K, 1 young (1024K), 1 survivors (1024K)
 Metaspace       used 64603K, committed 65152K, reserved 1105920K
  class space    used 8429K, committed 8704K, reserved 1048576K
}
Event: 86.084 GC heap before
{Heap before GC invocations=42 (full 0):
 garbage-first heap   total 99328K, used 73154K [0x00000000a0000000, 0x0000000100000000)
  region size 1024K, 17 young (17408K), 1 survivors (1024K)
 Metaspace       used 65822K, committed 66368K, reserved 1114112K
  class space    used 8551K, committed 8832K, reserved 1048576K
}
Event: 86.089 GC heap after
{Heap after GC invocations=43 (full 0):
 garbage-first heap   total 119808K, used 58880K [0x00000000a0000000, 0x0000000100000000)
  region size 1024K, 2 young (2048K), 2 survivors (2048K)
 Metaspace       used 65822K, committed 66368K, reserved 1114112K
  class space    used 8551K, committed 8832K, reserved 1048576K
}
Event: 92.847 GC heap before
{Heap before GC invocations=44 (full 0):
 garbage-first heap   total 119808K, used 93696K [0x00000000a0000000, 0x0000000100000000)
  region size 1024K, 35 young (35840K), 2 survivors (2048K)
 Metaspace       used 69004K, committed 69568K, reserved 1114112K
  class space    used 8969K, committed 9216K, reserved 1048576K
}
Event: 92.859 GC heap after
{Heap after GC invocations=45 (full 0):
 garbage-first heap   total 119808K, used 60281K [0x00000000a0000000, 0x0000000100000000)
  region size 1024K, 3 young (3072K), 3 survivors (3072K)
 Metaspace       used 69004K, committed 69568K, reserved 1114112K
  class space    used 8969K, committed 9216K, reserved 1048576K
}
Event: 93.481 GC heap before
{Heap before GC invocations=45 (full 0):
 garbage-first heap   total 119808K, used 62329K [0x00000000a0000000, 0x0000000100000000)
  region size 1024K, 5 young (5120K), 3 survivors (3072K)
 Metaspace       used 69050K, committed 69568K, reserved 1114112K
  class space    used 8977K, committed 9216K, reserved 1048576K
}
Event: 93.493 GC heap after
{Heap after GC invocations=46 (full 0):
 garbage-first heap   total 119808K, used 60083K [0x00000000a0000000, 0x0000000100000000)
  region size 1024K, 1 young (1024K), 1 survivors (1024K)
 Metaspace       used 69050K, committed 69568K, reserved 1114112K
  class space    used 8977K, committed 9216K, reserved 1048576K
}

